<?xml version="1.0" encoding="UTF-8"?>
<testsuite xmlns:xsi="http://www.w3.org/2001/XMLSchema-instance" xsi:noNamespaceSchemaLocation="https://maven.apache.org/surefire/maven-surefire-plugin/xsd/surefire-test-report.xsd" name="com.example.AppTest" time="0.139" tests="3" errors="0" skipped="0" failures="0">
  <properties>
    <property name="java.specification.version" value="17"/>
    <property name="sun.cpu.isalist" value="amd64"/>
    <property name="sun.jnu.encoding" value="Cp1252"/>
    <property name="java.class.path" value="E:\docs\gestion de calidad\tresenraya\target\test-classes;E:\docs\gestion de calidad\tresenraya\target\classes;C:\Users\alaff\.m2\repository\junit\junit\4.11\junit-4.11.jar;C:\Users\alaff\.m2\repository\org\hamcrest\hamcrest-core\1.3\hamcrest-core-1.3.jar;"/>
    <property name="java.vm.vendor" value="Oracle Corporation"/>
    <property name="sun.arch.data.model" value="64"/>
    <property name="user.variant" value=""/>
    <property name="java.vendor.url" value="https://java.oracle.com/"/>
    <property name="user.timezone" value="America/La_Paz"/>
    <property name="os.name" value="Windows 10"/>
    <property name="java.vm.specification.version" value="17"/>
    <property name="sun.java.launcher" value="SUN_STANDARD"/>
    <property name="user.country" value="BO"/>
    <property name="sun.boot.library.path" value="E:\Java\jdk-17.0.12\bin"/>
    <property name="sun.java.command" value="C:\Users\alaff\AppData\Local\Temp\surefire9001126221968579810\surefirebooter15400027748137294887.jar C:\Users\alaff\AppData\Local\Temp\surefire9001126221968579810 2025-05-17T15-28-22_213-jvmRun1 surefire16648664091707556504tmp surefire_05277468930615857138tmp"/>
    <property name="jdk.debug" value="release"/>
    <property name="surefire.test.class.path" value="E:\docs\gestion de calidad\tresenraya\target\test-classes;E:\docs\gestion de calidad\tresenraya\target\classes;C:\Users\alaff\.m2\repository\junit\junit\4.11\junit-4.11.jar;C:\Users\alaff\.m2\repository\org\hamcrest\hamcrest-core\1.3\hamcrest-core-1.3.jar;"/>
    <property name="sun.cpu.endian" value="little"/>
    <property name="user.home" value="C:\Users\alaff"/>
    <property name="user.language" value="es"/>
    <property name="java.specification.vendor" value="Oracle Corporation"/>
    <property name="java.version.date" value="2024-07-16"/>
    <property name="java.home" value="E:\Java\jdk-17.0.12"/>
    <property name="file.separator" value="\"/>
    <property name="basedir" value="E:\docs\gestion de calidad\tresenraya"/>
    <property name="java.vm.compressedOopsMode" value="Zero based"/>
    <property name="line.separator" value="&#10;"/>
    <property name="java.vm.specification.vendor" value="Oracle Corporation"/>
    <property name="java.specification.name" value="Java Platform API Specification"/>
    <property name="surefire.real.class.path" value="C:\Users\alaff\AppData\Local\Temp\surefire9001126221968579810\surefirebooter15400027748137294887.jar"/>
    <property name="user.script" value=""/>
    <property name="sun.management.compiler" value="HotSpot 64-Bit Tiered Compilers"/>
    <property name="java.runtime.version" value="17.0.12+8-LTS-286"/>
    <property name="user.name" value="andy laffertt"/>
    <property name="path.separator" value=";"/>
    <property name="os.version" value="10.0"/>
    <property name="java.runtime.name" value="Java(TM) SE Runtime Environment"/>
    <property name="file.encoding" value="Cp1252"/>
    <property name="java.vm.name" value="Java HotSpot(TM) 64-Bit Server VM"/>
    <property name="localRepository" value="C:\Users\alaff\.m2\repository"/>
    <property name="java.vendor.url.bug" value="https://bugreport.java.com/bugreport/"/>
    <property name="java.io.tmpdir" value="C:\Users\alaff\AppData\Local\Temp\"/>
    <property name="java.version" value="17.0.12"/>
    <property name="user.dir" value="E:\docs\gestion de calidad\tresenraya"/>
    <property name="os.arch" value="amd64"/>
    <property name="java.vm.specification.name" value="Java Virtual Machine Specification"/>
    <property name="sun.os.patch.level" value=""/>
    <property name="native.encoding" value="Cp1252"/>
    <property name="java.library.path" value="E:\Java\jdk-17.0.12\bin;C:\Windows\Sun\Java\bin;C:\Windows\system32;C:\Windows;C:\Program Files\Common Files\Oracle\Java\javapath;C:\Program Files\Python313\Scripts\;C:\Program Files\Python313\;C:\Windows\system32;C:\Windows;C:\Windows\System32\Wbem;C:\Windows\System32\WindowsPowerShell\v1.0\;C:\Windows\System32\OpenSSH\;E:\descarguitas\Git\cmd;E:\docs\dispos Movil\flutterdev\flutter_windows_3.29.2-stable\flutter\bin;E:\docs\dispos Movil\flutterdev\flutter\bin;C:\Program Files\PostgreSQL\14\bin;E:\Java\jdk-17.0.12\bin;E:\Java\jdk-17.0.12\bin;E:\Java\jdk-17.0.12;E:\descarguitas\apache-maven-3.9.9-bin\apache-maven-3.9.9\bin;E:\descarguitas\apache-maven-3.9.9-bin\apache-maven-3.9.9;C:\Users\alaff\AppData\Local\Programs\Python\Launcher\;C:\Users\alaff\AppData\Local\Microsoft\WindowsApps;E:\descarguitas\Microsoft VS Code\bin;E:\docs\dispos Movil\flutterdev\flutter_windows_3.29.2-stable\flutter\bin;E:\docs\dispos Movil\flutterdev\flutter\bin;E:\docs\dispos Movil\flutterdev\flutter\bin;;."/>
    <property name="java.vm.info" value="mixed mode, sharing"/>
    <property name="java.vendor" value="Oracle Corporation"/>
    <property name="java.vm.version" value="17.0.12+8-LTS-286"/>
    <property name="sun.io.unicode.encoding" value="UnicodeLittle"/>
    <property name="java.class.version" value="61.0"/>
  </properties>
  <testcase name="testPiezaEnLugarOcupado_lanzaExcepcion" classname="com.example.AppTest" time="0.025"/>
  <testcase name="testPiezaFueraDelEjeY_lanzaExcepcion" classname="com.example.AppTest" time="0.009"/>
  <testcase name="testPiezaFueraDelEjeX_lanzaExcepcion" classname="com.example.AppTest" time="0.005"/>
</testsuite>